2021-04-01 13:53:55 [scrapy.utils.log] INFO: Scrapy 2.3.0 started (bot: products)
2021-04-01 13:53:55 [scrapy.utils.log] INFO: Versions: lxml 4.5.2.0, libxml2 2.9.10, cssselect 1.1.0, parsel 1.5.2, w3lib 1.21.0, Twisted 20.3.0, Python 3.8.2 (default, Mar 26 2020, 10:43:30) - [Clang 4.0.1 (tags/RELEASE_401/final)], pyOpenSSL 19.1.0 (OpenSSL 1.1.1h  22 Sep 2020), cryptography 3.2.1, Platform macOS-10.15.5-x86_64-i386-64bit
2021-04-01 13:53:55 [scrapy.crawler] INFO: Overridden settings:
{'AUTOTHROTTLE_ENABLED': True,
 'AUTOTHROTTLE_MAX_DELAY': 10,
 'AUTOTHROTTLE_START_DELAY': 0.8,
 'AUTOTHROTTLE_TARGET_CONCURRENCY': 60.0,
 'BOT_NAME': 'products',
 'CONCURRENT_REQUESTS': 60,
 'CONCURRENT_REQUESTS_PER_DOMAIN': 60,
 'CONCURRENT_REQUESTS_PER_IP': 60,
 'LOG_FILE': 'all.log',
 'LOG_LEVEL': 'INFO',
 'NEWSPIDER_MODULE': 'products.spiders',
 'RETRY_TIMES': 100,
 'SPIDER_MODULES': ['products.spiders']}
2021-04-01 13:53:55 [scrapy.extensions.telnet] INFO: Telnet Password: 6e8c25956f9c2de5
2021-04-01 13:53:55 [scrapy.middleware] INFO: Enabled extensions:
['scrapy.extensions.corestats.CoreStats',
 'scrapy.extensions.telnet.TelnetConsole',
 'scrapy.extensions.memusage.MemoryUsage',
 'scrapy.extensions.logstats.LogStats',
 'scrapy.extensions.throttle.AutoThrottle']
2021-04-01 13:53:55 [scrapy.middleware] INFO: Enabled downloader middlewares:
['scrapy.downloadermiddlewares.httpauth.HttpAuthMiddleware',
 'scrapy.downloadermiddlewares.downloadtimeout.DownloadTimeoutMiddleware',
 'scrapy.downloadermiddlewares.defaultheaders.DefaultHeadersMiddleware',
 'scrapy.downloadermiddlewares.useragent.UserAgentMiddleware',
 'scrapy.downloadermiddlewares.retry.RetryMiddleware',
 'scrapy.downloadermiddlewares.redirect.MetaRefreshMiddleware',
 'scrapy.downloadermiddlewares.httpcompression.HttpCompressionMiddleware',
 'scrapy.downloadermiddlewares.redirect.RedirectMiddleware',
 'scrapy.downloadermiddlewares.cookies.CookiesMiddleware',
 'scrapy.downloadermiddlewares.httpproxy.HttpProxyMiddleware',
 'scrapy.downloadermiddlewares.stats.DownloaderStats']
2021-04-01 13:53:55 [scrapy.middleware] INFO: Enabled spider middlewares:
['scrapy.spidermiddlewares.httperror.HttpErrorMiddleware',
 'scrapy.spidermiddlewares.offsite.OffsiteMiddleware',
 'scrapy.spidermiddlewares.referer.RefererMiddleware',
 'scrapy.spidermiddlewares.urllength.UrlLengthMiddleware',
 'scrapy.spidermiddlewares.depth.DepthMiddleware']
2021-04-01 13:53:55 [scrapy.middleware] INFO: Enabled item pipelines:
['products.pipelines.MySQLPipeline']
2021-04-01 13:53:55 [scrapy.core.engine] INFO: Spider opened
2021-04-01 13:53:55 [scrapy.extensions.logstats] INFO: Crawled 0 pages (at 0 pages/min), scraped 0 items (at 0 items/min)
2021-04-01 13:53:55 [scrapy.extensions.telnet] INFO: Telnet console listening on 127.0.0.1:6023
2021-04-01 13:53:58 [scrapy.crawler] INFO: Received SIGINT, shutting down gracefully. Send again to force 
2021-04-01 13:53:58 [scrapy.core.engine] INFO: Closing spider (shutdown)
2021-04-01 13:54:01 [scrapy.statscollectors] INFO: Dumping Scrapy stats:
{'downloader/request_bytes': 679,
 'downloader/request_count': 1,
 'downloader/request_method_count/GET': 1,
 'downloader/response_bytes': 9850,
 'downloader/response_count': 1,
 'downloader/response_status_count/200': 1,
 'elapsed_time_seconds': 5.521095,
 'finish_reason': 'shutdown',
 'finish_time': datetime.datetime(2021, 4, 1, 5, 54, 1, 387953),
 'log_count/INFO': 11,
 'memusage/max': 53653504,
 'memusage/startup': 53653504,
 'request_depth_max': 1,
 'response_received_count': 1,
 'scheduler/dequeued': 1,
 'scheduler/dequeued/memory': 1,
 'scheduler/enqueued': 14,
 'scheduler/enqueued/memory': 14,
 'start_time': datetime.datetime(2021, 4, 1, 5, 53, 55, 866858)}
2021-04-01 13:54:01 [scrapy.core.engine] INFO: Spider closed (shutdown)
2021-04-01 13:54:58 [scrapy.utils.log] INFO: Scrapy 2.3.0 started (bot: products)
2021-04-01 13:54:58 [scrapy.utils.log] INFO: Versions: lxml 4.5.2.0, libxml2 2.9.10, cssselect 1.1.0, parsel 1.5.2, w3lib 1.21.0, Twisted 20.3.0, Python 3.8.2 (default, Mar 26 2020, 10:43:30) - [Clang 4.0.1 (tags/RELEASE_401/final)], pyOpenSSL 19.1.0 (OpenSSL 1.1.1h  22 Sep 2020), cryptography 3.2.1, Platform macOS-10.15.5-x86_64-i386-64bit
2021-04-01 13:54:58 [scrapy.crawler] INFO: Overridden settings:
{'AUTOTHROTTLE_ENABLED': True,
 'AUTOTHROTTLE_MAX_DELAY': 10,
 'AUTOTHROTTLE_START_DELAY': 0.8,
 'AUTOTHROTTLE_TARGET_CONCURRENCY': 60.0,
 'BOT_NAME': 'products',
 'CONCURRENT_REQUESTS': 60,
 'CONCURRENT_REQUESTS_PER_DOMAIN': 60,
 'CONCURRENT_REQUESTS_PER_IP': 60,
 'LOG_FILE': 'all.log',
 'LOG_LEVEL': 'INFO',
 'NEWSPIDER_MODULE': 'products.spiders',
 'RETRY_TIMES': 100,
 'SPIDER_MODULES': ['products.spiders']}
2021-04-01 13:54:58 [scrapy.extensions.telnet] INFO: Telnet Password: cdc5a34a2e618adf
2021-04-01 13:54:58 [scrapy.middleware] INFO: Enabled extensions:
['scrapy.extensions.corestats.CoreStats',
 'scrapy.extensions.telnet.TelnetConsole',
 'scrapy.extensions.memusage.MemoryUsage',
 'scrapy.extensions.logstats.LogStats',
 'scrapy.extensions.throttle.AutoThrottle']
2021-04-01 13:54:58 [scrapy.middleware] INFO: Enabled downloader middlewares:
['scrapy.downloadermiddlewares.httpauth.HttpAuthMiddleware',
 'scrapy.downloadermiddlewares.downloadtimeout.DownloadTimeoutMiddleware',
 'scrapy.downloadermiddlewares.defaultheaders.DefaultHeadersMiddleware',
 'scrapy.downloadermiddlewares.useragent.UserAgentMiddleware',
 'scrapy.downloadermiddlewares.retry.RetryMiddleware',
 'scrapy.downloadermiddlewares.redirect.MetaRefreshMiddleware',
 'scrapy.downloadermiddlewares.httpcompression.HttpCompressionMiddleware',
 'scrapy.downloadermiddlewares.redirect.RedirectMiddleware',
 'scrapy.downloadermiddlewares.cookies.CookiesMiddleware',
 'scrapy.downloadermiddlewares.httpproxy.HttpProxyMiddleware',
 'scrapy.downloadermiddlewares.stats.DownloaderStats']
2021-04-01 13:54:58 [scrapy.middleware] INFO: Enabled spider middlewares:
['scrapy.spidermiddlewares.httperror.HttpErrorMiddleware',
 'scrapy.spidermiddlewares.offsite.OffsiteMiddleware',
 'scrapy.spidermiddlewares.referer.RefererMiddleware',
 'scrapy.spidermiddlewares.urllength.UrlLengthMiddleware',
 'scrapy.spidermiddlewares.depth.DepthMiddleware']
2021-04-01 13:54:58 [scrapy.middleware] INFO: Enabled item pipelines:
['products.pipelines.MySQLPipeline']
2021-04-01 13:54:58 [scrapy.core.engine] INFO: Spider opened
2021-04-01 13:54:58 [scrapy.extensions.logstats] INFO: Crawled 0 pages (at 0 pages/min), scraped 0 items (at 0 items/min)
2021-04-01 13:54:58 [scrapy.extensions.telnet] INFO: Telnet console listening on 127.0.0.1:6023
2021-04-01 13:55:58 [scrapy.extensions.logstats] INFO: Crawled 164 pages (at 164 pages/min), scraped 103 items (at 103 items/min)
2021-04-01 13:56:58 [scrapy.extensions.logstats] INFO: Crawled 762 pages (at 598 pages/min), scraped 700 items (at 597 items/min)
2021-04-01 13:57:58 [scrapy.extensions.logstats] INFO: Crawled 1128 pages (at 366 pages/min), scraped 1029 items (at 329 items/min)
2021-04-01 13:58:58 [scrapy.extensions.logstats] INFO: Crawled 1354 pages (at 226 pages/min), scraped 1231 items (at 202 items/min)
2021-04-01 13:59:58 [scrapy.extensions.logstats] INFO: Crawled 1496 pages (at 142 pages/min), scraped 1373 items (at 142 items/min)
2021-04-01 14:00:58 [scrapy.extensions.logstats] INFO: Crawled 1662 pages (at 166 pages/min), scraped 1524 items (at 151 items/min)
2021-04-01 14:01:58 [scrapy.extensions.logstats] INFO: Crawled 1771 pages (at 109 pages/min), scraped 1626 items (at 102 items/min)
2021-04-01 14:02:58 [scrapy.extensions.logstats] INFO: Crawled 1851 pages (at 80 pages/min), scraped 1694 items (at 68 items/min)
2021-04-01 14:03:58 [scrapy.extensions.logstats] INFO: Crawled 1919 pages (at 68 pages/min), scraped 1763 items (at 69 items/min)
2021-04-01 14:04:58 [scrapy.extensions.logstats] INFO: Crawled 1998 pages (at 79 pages/min), scraped 1840 items (at 77 items/min)
2021-04-01 14:05:58 [scrapy.extensions.logstats] INFO: Crawled 2063 pages (at 65 pages/min), scraped 1893 items (at 53 items/min)
2021-04-01 14:06:58 [scrapy.extensions.logstats] INFO: Crawled 2099 pages (at 36 pages/min), scraped 1929 items (at 36 items/min)
2021-04-01 14:07:58 [scrapy.extensions.logstats] INFO: Crawled 2136 pages (at 37 pages/min), scraped 1966 items (at 37 items/min)
2021-04-01 14:08:58 [scrapy.extensions.logstats] INFO: Crawled 2194 pages (at 58 pages/min), scraped 2016 items (at 50 items/min)
2021-04-01 14:09:58 [scrapy.extensions.logstats] INFO: Crawled 2260 pages (at 66 pages/min), scraped 2065 items (at 49 items/min)
2021-04-01 14:10:58 [scrapy.extensions.logstats] INFO: Crawled 2296 pages (at 36 pages/min), scraped 2101 items (at 36 items/min)
2021-04-01 14:11:58 [scrapy.extensions.logstats] INFO: Crawled 2331 pages (at 35 pages/min), scraped 2136 items (at 35 items/min)
2021-04-01 14:12:58 [scrapy.extensions.logstats] INFO: Crawled 2384 pages (at 53 pages/min), scraped 2189 items (at 53 items/min)
2021-04-01 14:13:58 [scrapy.extensions.logstats] INFO: Crawled 2441 pages (at 57 pages/min), scraped 2246 items (at 57 items/min)
2021-04-01 14:14:58 [scrapy.extensions.logstats] INFO: Crawled 2489 pages (at 48 pages/min), scraped 2289 items (at 43 items/min)
2021-04-01 14:15:58 [scrapy.extensions.logstats] INFO: Crawled 2552 pages (at 63 pages/min), scraped 2347 items (at 58 items/min)
2021-04-01 14:16:58 [scrapy.extensions.logstats] INFO: Crawled 2629 pages (at 77 pages/min), scraped 2421 items (at 74 items/min)
2021-04-01 14:17:58 [scrapy.extensions.logstats] INFO: Crawled 2694 pages (at 65 pages/min), scraped 2478 items (at 57 items/min)
2021-04-01 14:18:58 [scrapy.extensions.logstats] INFO: Crawled 2775 pages (at 81 pages/min), scraped 2552 items (at 74 items/min)
2021-04-01 14:19:58 [scrapy.extensions.logstats] INFO: Crawled 2841 pages (at 66 pages/min), scraped 2617 items (at 65 items/min)
2021-04-01 14:20:58 [scrapy.extensions.logstats] INFO: Crawled 2910 pages (at 69 pages/min), scraped 2672 items (at 55 items/min)
2021-04-01 14:21:58 [scrapy.extensions.logstats] INFO: Crawled 2980 pages (at 70 pages/min), scraped 2734 items (at 62 items/min)
2021-04-01 14:22:58 [scrapy.extensions.logstats] INFO: Crawled 3040 pages (at 60 pages/min), scraped 2794 items (at 60 items/min)
2021-04-01 14:23:58 [scrapy.extensions.logstats] INFO: Crawled 3112 pages (at 72 pages/min), scraped 2866 items (at 72 items/min)
2021-04-01 14:24:58 [scrapy.extensions.logstats] INFO: Crawled 3189 pages (at 77 pages/min), scraped 2931 items (at 65 items/min)
2021-04-01 14:25:58 [scrapy.extensions.logstats] INFO: Crawled 3213 pages (at 24 pages/min), scraped 2952 items (at 21 items/min)
2021-04-01 14:26:58 [scrapy.extensions.logstats] INFO: Crawled 3286 pages (at 73 pages/min), scraped 3025 items (at 73 items/min)
2021-04-01 14:27:58 [scrapy.extensions.logstats] INFO: Crawled 3393 pages (at 107 pages/min), scraped 3128 items (at 103 items/min)
2021-04-01 14:28:58 [scrapy.extensions.logstats] INFO: Crawled 3524 pages (at 131 pages/min), scraped 3211 items (at 83 items/min)
2021-04-01 14:29:58 [scrapy.extensions.logstats] INFO: Crawled 3600 pages (at 76 pages/min), scraped 3288 items (at 77 items/min)
2021-04-01 14:30:58 [scrapy.extensions.logstats] INFO: Crawled 3650 pages (at 50 pages/min), scraped 3338 items (at 50 items/min)
2021-04-01 16:42:16 [scrapy.utils.log] INFO: Scrapy 2.4.1 started (bot: products)
2021-04-01 16:42:16 [scrapy.utils.log] INFO: Versions: lxml 4.6.2.0, libxml2 2.9.5, cssselect 1.1.0, parsel 1.6.0, w3lib 1.22.0, Twisted 20.3.0, Python 3.7.2 (tags/v3.7.2:9a3ffc0492, Dec 23 2018, 23:09:28) [MSC v.1916 64 bit (AMD64)], pyOpenSSL 18.0.0 (OpenSSL 1.1.0i  14 Aug 2018), cryptography 2.3.1, Platform Windows-10-10.0.19041-SP0
2021-04-01 16:42:16 [scrapy.crawler] INFO: Overridden settings:
{'AUTOTHROTTLE_ENABLED': True,
 'AUTOTHROTTLE_MAX_DELAY': 10,
 'AUTOTHROTTLE_START_DELAY': 0.8,
 'AUTOTHROTTLE_TARGET_CONCURRENCY': 60.0,
 'BOT_NAME': 'products',
 'CONCURRENT_REQUESTS': 60,
 'CONCURRENT_REQUESTS_PER_DOMAIN': 60,
 'CONCURRENT_REQUESTS_PER_IP': 60,
 'LOG_FILE': 'all.log',
 'LOG_LEVEL': 'INFO',
 'NEWSPIDER_MODULE': 'products.spiders',
 'RETRY_TIMES': 100,
 'SPIDER_MODULES': ['products.spiders']}
2021-04-01 16:42:17 [scrapy.extensions.telnet] INFO: Telnet Password: 4e69f0b4db8d1334
2021-04-01 16:42:17 [scrapy.middleware] INFO: Enabled extensions:
['scrapy.extensions.corestats.CoreStats',
 'scrapy.extensions.telnet.TelnetConsole',
 'scrapy.extensions.logstats.LogStats',
 'scrapy.extensions.throttle.AutoThrottle']
2021-04-01 16:42:18 [scrapy.middleware] INFO: Enabled downloader middlewares:
['scrapy.downloadermiddlewares.httpauth.HttpAuthMiddleware',
 'scrapy.downloadermiddlewares.downloadtimeout.DownloadTimeoutMiddleware',
 'scrapy.downloadermiddlewares.defaultheaders.DefaultHeadersMiddleware',
 'scrapy.downloadermiddlewares.useragent.UserAgentMiddleware',
 'scrapy.downloadermiddlewares.retry.RetryMiddleware',
 'scrapy.downloadermiddlewares.redirect.MetaRefreshMiddleware',
 'scrapy.downloadermiddlewares.httpcompression.HttpCompressionMiddleware',
 'scrapy.downloadermiddlewares.redirect.RedirectMiddleware',
 'scrapy.downloadermiddlewares.cookies.CookiesMiddleware',
 'scrapy.downloadermiddlewares.httpproxy.HttpProxyMiddleware',
 'scrapy.downloadermiddlewares.stats.DownloaderStats']
2021-04-01 16:42:18 [scrapy.middleware] INFO: Enabled spider middlewares:
['scrapy.spidermiddlewares.httperror.HttpErrorMiddleware',
 'scrapy.spidermiddlewares.offsite.OffsiteMiddleware',
 'scrapy.spidermiddlewares.referer.RefererMiddleware',
 'scrapy.spidermiddlewares.urllength.UrlLengthMiddleware',
 'scrapy.spidermiddlewares.depth.DepthMiddleware']
2021-04-01 16:42:18 [scrapy.middleware] INFO: Enabled item pipelines:
['products.pipelines.MySQLPipeline']
2021-04-01 16:42:18 [scrapy.core.engine] INFO: Spider opened
2021-04-01 16:42:19 [scrapy.extensions.logstats] INFO: Crawled 0 pages (at 0 pages/min), scraped 0 items (at 0 items/min)
2021-04-01 16:42:19 [scrapy.extensions.telnet] INFO: Telnet console listening on 127.0.0.1:6023
2021-04-01 16:43:01 [scrapy.crawler] INFO: Received SIGINT, shutting down gracefully. Send again to force 
2021-04-01 16:43:01 [scrapy.core.engine] INFO: Closing spider (shutdown)
2021-04-01 16:43:05 [scrapy.statscollectors] INFO: Dumping Scrapy stats:
{'downloader/exception_count': 2,
 'downloader/exception_type_count/twisted.web._newclient.ResponseNeverReceived': 2,
 'downloader/request_bytes': 4457,
 'downloader/request_count': 9,
 'downloader/request_method_count/GET': 9,
 'downloader/response_bytes': 72824,
 'downloader/response_count': 7,
 'downloader/response_status_count/200': 7,
 'elapsed_time_seconds': 46.008774,
 'finish_reason': 'shutdown',
 'finish_time': datetime.datetime(2021, 4, 1, 8, 43, 5, 25514),
 'log_count/INFO': 11,
 'request_depth_max': 1,
 'response_received_count': 7,
 'retry/count': 2,
 'retry/reason_count/twisted.web._newclient.ResponseNeverReceived': 2,
 'scheduler/dequeued': 9,
 'scheduler/dequeued/memory': 9,
 'scheduler/enqueued': 96,
 'scheduler/enqueued/memory': 96,
 'start_time': datetime.datetime(2021, 4, 1, 8, 42, 19, 16740)}
2021-04-01 16:43:05 [scrapy.core.engine] INFO: Spider closed (shutdown)
2021-04-01 16:46:18 [scrapy.utils.log] INFO: Scrapy 2.4.1 started (bot: products)
2021-04-01 16:46:18 [scrapy.utils.log] INFO: Versions: lxml 4.6.2.0, libxml2 2.9.5, cssselect 1.1.0, parsel 1.6.0, w3lib 1.22.0, Twisted 20.3.0, Python 3.7.2 (tags/v3.7.2:9a3ffc0492, Dec 23 2018, 23:09:28) [MSC v.1916 64 bit (AMD64)], pyOpenSSL 18.0.0 (OpenSSL 1.1.0i  14 Aug 2018), cryptography 2.3.1, Platform Windows-10-10.0.19041-SP0
2021-04-01 16:46:18 [scrapy.crawler] INFO: Overridden settings:
{'AUTOTHROTTLE_ENABLED': True,
 'AUTOTHROTTLE_MAX_DELAY': 10,
 'AUTOTHROTTLE_START_DELAY': 0.8,
 'AUTOTHROTTLE_TARGET_CONCURRENCY': 60.0,
 'BOT_NAME': 'products',
 'CONCURRENT_REQUESTS': 60,
 'CONCURRENT_REQUESTS_PER_DOMAIN': 60,
 'CONCURRENT_REQUESTS_PER_IP': 60,
 'LOG_FILE': 'all.log',
 'LOG_LEVEL': 'INFO',
 'NEWSPIDER_MODULE': 'products.spiders',
 'RETRY_TIMES': 100,
 'SPIDER_MODULES': ['products.spiders']}
2021-04-01 16:46:18 [scrapy.extensions.telnet] INFO: Telnet Password: 2bbe666c33c73407
2021-04-01 16:46:18 [scrapy.middleware] INFO: Enabled extensions:
['scrapy.extensions.corestats.CoreStats',
 'scrapy.extensions.telnet.TelnetConsole',
 'scrapy.extensions.logstats.LogStats',
 'scrapy.extensions.throttle.AutoThrottle']
2021-04-01 16:46:18 [scrapy.middleware] INFO: Enabled downloader middlewares:
['scrapy.downloadermiddlewares.httpauth.HttpAuthMiddleware',
 'scrapy.downloadermiddlewares.downloadtimeout.DownloadTimeoutMiddleware',
 'scrapy.downloadermiddlewares.defaultheaders.DefaultHeadersMiddleware',
 'scrapy.downloadermiddlewares.useragent.UserAgentMiddleware',
 'scrapy.downloadermiddlewares.retry.RetryMiddleware',
 'scrapy.downloadermiddlewares.redirect.MetaRefreshMiddleware',
 'scrapy.downloadermiddlewares.httpcompression.HttpCompressionMiddleware',
 'scrapy.downloadermiddlewares.redirect.RedirectMiddleware',
 'scrapy.downloadermiddlewares.cookies.CookiesMiddleware',
 'scrapy.downloadermiddlewares.httpproxy.HttpProxyMiddleware',
 'scrapy.downloadermiddlewares.stats.DownloaderStats']
2021-04-01 16:46:18 [scrapy.middleware] INFO: Enabled spider middlewares:
['scrapy.spidermiddlewares.httperror.HttpErrorMiddleware',
 'scrapy.spidermiddlewares.offsite.OffsiteMiddleware',
 'scrapy.spidermiddlewares.referer.RefererMiddleware',
 'scrapy.spidermiddlewares.urllength.UrlLengthMiddleware',
 'scrapy.spidermiddlewares.depth.DepthMiddleware']
2021-04-01 16:46:18 [scrapy.middleware] INFO: Enabled item pipelines:
['products.pipelines.MySQLPipeline']
2021-04-01 16:46:18 [scrapy.core.engine] INFO: Spider opened
2021-04-01 16:46:18 [scrapy.extensions.logstats] INFO: Crawled 0 pages (at 0 pages/min), scraped 0 items (at 0 items/min)
2021-04-01 16:46:18 [scrapy.extensions.telnet] INFO: Telnet console listening on 127.0.0.1:6023
2021-04-01 16:47:20 [scrapy.extensions.logstats] INFO: Crawled 2 pages (at 2 pages/min), scraped 0 items (at 0 items/min)
2021-04-01 16:47:32 [scrapy.crawler] INFO: Received SIGINT, shutting down gracefully. Send again to force 
2021-04-01 16:47:32 [scrapy.core.engine] INFO: Closing spider (shutdown)
2021-04-01 16:47:34 [scrapy.statscollectors] INFO: Dumping Scrapy stats:
{'downloader/request_bytes': 7692,
 'downloader/request_count': 13,
 'downloader/request_method_count/GET': 13,
 'downloader/response_bytes': 146314,
 'downloader/response_count': 13,
 'downloader/response_status_count/200': 13,
 'elapsed_time_seconds': 75.766506,
 'finish_reason': 'shutdown',
 'finish_time': datetime.datetime(2021, 4, 1, 8, 47, 34, 228737),
 'item_scraped_count': 12,
 'log_count/INFO': 12,
 'request_depth_max': 1,
 'response_received_count': 13,
 'scheduler/dequeued': 13,
 'scheduler/dequeued/memory': 13,
 'scheduler/enqueued': 13,
 'scheduler/enqueued/memory': 13,
 'start_time': datetime.datetime(2021, 4, 1, 8, 46, 18, 462231)}
2021-04-01 16:47:34 [scrapy.core.engine] INFO: Spider closed (shutdown)
2021-04-01 16:49:25 [scrapy.utils.log] INFO: Scrapy 2.4.1 started (bot: products)
2021-04-01 16:49:25 [scrapy.utils.log] INFO: Versions: lxml 4.6.2.0, libxml2 2.9.5, cssselect 1.1.0, parsel 1.6.0, w3lib 1.22.0, Twisted 20.3.0, Python 3.7.2 (tags/v3.7.2:9a3ffc0492, Dec 23 2018, 23:09:28) [MSC v.1916 64 bit (AMD64)], pyOpenSSL 18.0.0 (OpenSSL 1.1.0i  14 Aug 2018), cryptography 2.3.1, Platform Windows-10-10.0.19041-SP0
2021-04-01 16:49:25 [scrapy.crawler] INFO: Overridden settings:
{'AUTOTHROTTLE_ENABLED': True,
 'AUTOTHROTTLE_MAX_DELAY': 10,
 'AUTOTHROTTLE_START_DELAY': 0.8,
 'AUTOTHROTTLE_TARGET_CONCURRENCY': 60.0,
 'BOT_NAME': 'products',
 'CONCURRENT_REQUESTS': 60,
 'CONCURRENT_REQUESTS_PER_DOMAIN': 60,
 'CONCURRENT_REQUESTS_PER_IP': 60,
 'LOG_FILE': 'all.log',
 'LOG_LEVEL': 'INFO',
 'NEWSPIDER_MODULE': 'products.spiders',
 'RETRY_TIMES': 100,
 'SPIDER_MODULES': ['products.spiders']}
2021-04-01 16:49:25 [scrapy.extensions.telnet] INFO: Telnet Password: 65871706c1aa24f5
2021-04-01 16:49:25 [scrapy.middleware] INFO: Enabled extensions:
['scrapy.extensions.corestats.CoreStats',
 'scrapy.extensions.telnet.TelnetConsole',
 'scrapy.extensions.logstats.LogStats',
 'scrapy.extensions.throttle.AutoThrottle']
2021-04-01 16:49:25 [scrapy.middleware] INFO: Enabled downloader middlewares:
['scrapy.downloadermiddlewares.httpauth.HttpAuthMiddleware',
 'scrapy.downloadermiddlewares.downloadtimeout.DownloadTimeoutMiddleware',
 'scrapy.downloadermiddlewares.defaultheaders.DefaultHeadersMiddleware',
 'scrapy.downloadermiddlewares.useragent.UserAgentMiddleware',
 'scrapy.downloadermiddlewares.retry.RetryMiddleware',
 'scrapy.downloadermiddlewares.redirect.MetaRefreshMiddleware',
 'scrapy.downloadermiddlewares.httpcompression.HttpCompressionMiddleware',
 'scrapy.downloadermiddlewares.redirect.RedirectMiddleware',
 'scrapy.downloadermiddlewares.cookies.CookiesMiddleware',
 'scrapy.downloadermiddlewares.httpproxy.HttpProxyMiddleware',
 'scrapy.downloadermiddlewares.stats.DownloaderStats']
2021-04-01 16:49:25 [scrapy.middleware] INFO: Enabled spider middlewares:
['scrapy.spidermiddlewares.httperror.HttpErrorMiddleware',
 'scrapy.spidermiddlewares.offsite.OffsiteMiddleware',
 'scrapy.spidermiddlewares.referer.RefererMiddleware',
 'scrapy.spidermiddlewares.urllength.UrlLengthMiddleware',
 'scrapy.spidermiddlewares.depth.DepthMiddleware']
2021-04-01 16:49:25 [scrapy.middleware] INFO: Enabled item pipelines:
['products.pipelines.MySQLPipeline']
2021-04-01 16:49:25 [scrapy.core.engine] INFO: Spider opened
2021-04-01 16:49:25 [scrapy.extensions.logstats] INFO: Crawled 0 pages (at 0 pages/min), scraped 0 items (at 0 items/min)
2021-04-01 16:49:25 [scrapy.extensions.telnet] INFO: Telnet console listening on 127.0.0.1:6023
2021-04-01 16:49:38 [scrapy.crawler] INFO: Received SIGINT, shutting down gracefully. Send again to force 
2021-04-01 16:49:38 [scrapy.core.engine] INFO: Closing spider (shutdown)
2021-04-01 16:49:40 [scrapy.statscollectors] INFO: Dumping Scrapy stats:
{'downloader/request_bytes': 1103,
 'downloader/request_count': 2,
 'downloader/request_method_count/GET': 2,
 'downloader/response_bytes': 21419,
 'downloader/response_count': 2,
 'downloader/response_status_count/200': 2,
 'elapsed_time_seconds': 14.451947,
 'finish_reason': 'shutdown',
 'finish_time': datetime.datetime(2021, 4, 1, 8, 49, 40, 123862),
 'item_scraped_count': 1,
 'log_count/INFO': 11,
 'request_depth_max': 1,
 'response_received_count': 2,
 'scheduler/dequeued': 2,
 'scheduler/dequeued/memory': 2,
 'scheduler/enqueued': 13,
 'scheduler/enqueued/memory': 13,
 'start_time': datetime.datetime(2021, 4, 1, 8, 49, 25, 671915)}
2021-04-01 16:49:40 [scrapy.core.engine] INFO: Spider closed (shutdown)
2021-04-01 16:50:23 [scrapy.utils.log] INFO: Scrapy 2.4.1 started (bot: products)
2021-04-01 16:50:23 [scrapy.utils.log] INFO: Versions: lxml 4.6.2.0, libxml2 2.9.5, cssselect 1.1.0, parsel 1.6.0, w3lib 1.22.0, Twisted 20.3.0, Python 3.7.2 (tags/v3.7.2:9a3ffc0492, Dec 23 2018, 23:09:28) [MSC v.1916 64 bit (AMD64)], pyOpenSSL 18.0.0 (OpenSSL 1.1.0i  14 Aug 2018), cryptography 2.3.1, Platform Windows-10-10.0.19041-SP0
2021-04-01 16:50:23 [scrapy.crawler] INFO: Overridden settings:
{'AUTOTHROTTLE_ENABLED': True,
 'AUTOTHROTTLE_MAX_DELAY': 10,
 'AUTOTHROTTLE_START_DELAY': 0.8,
 'AUTOTHROTTLE_TARGET_CONCURRENCY': 60.0,
 'BOT_NAME': 'products',
 'CONCURRENT_REQUESTS': 60,
 'CONCURRENT_REQUESTS_PER_DOMAIN': 60,
 'CONCURRENT_REQUESTS_PER_IP': 60,
 'LOG_FILE': 'all.log',
 'LOG_LEVEL': 'INFO',
 'NEWSPIDER_MODULE': 'products.spiders',
 'RETRY_TIMES': 100,
 'SPIDER_MODULES': ['products.spiders']}
2021-04-01 16:50:23 [scrapy.extensions.telnet] INFO: Telnet Password: b3d89f433b4cc368
2021-04-01 16:50:23 [scrapy.middleware] INFO: Enabled extensions:
['scrapy.extensions.corestats.CoreStats',
 'scrapy.extensions.telnet.TelnetConsole',
 'scrapy.extensions.logstats.LogStats',
 'scrapy.extensions.throttle.AutoThrottle']
2021-04-01 16:50:23 [scrapy.middleware] INFO: Enabled downloader middlewares:
['scrapy.downloadermiddlewares.httpauth.HttpAuthMiddleware',
 'scrapy.downloadermiddlewares.downloadtimeout.DownloadTimeoutMiddleware',
 'scrapy.downloadermiddlewares.defaultheaders.DefaultHeadersMiddleware',
 'scrapy.downloadermiddlewares.useragent.UserAgentMiddleware',
 'scrapy.downloadermiddlewares.retry.RetryMiddleware',
 'scrapy.downloadermiddlewares.redirect.MetaRefreshMiddleware',
 'scrapy.downloadermiddlewares.httpcompression.HttpCompressionMiddleware',
 'scrapy.downloadermiddlewares.redirect.RedirectMiddleware',
 'scrapy.downloadermiddlewares.cookies.CookiesMiddleware',
 'scrapy.downloadermiddlewares.httpproxy.HttpProxyMiddleware',
 'scrapy.downloadermiddlewares.stats.DownloaderStats']
2021-04-01 16:50:23 [scrapy.middleware] INFO: Enabled spider middlewares:
['scrapy.spidermiddlewares.httperror.HttpErrorMiddleware',
 'scrapy.spidermiddlewares.offsite.OffsiteMiddleware',
 'scrapy.spidermiddlewares.referer.RefererMiddleware',
 'scrapy.spidermiddlewares.urllength.UrlLengthMiddleware',
 'scrapy.spidermiddlewares.depth.DepthMiddleware']
2021-04-01 16:50:23 [scrapy.middleware] INFO: Enabled item pipelines:
['products.pipelines.MySQLPipeline']
2021-04-01 16:50:23 [scrapy.core.engine] INFO: Spider opened
2021-04-01 16:50:23 [scrapy.extensions.logstats] INFO: Crawled 0 pages (at 0 pages/min), scraped 0 items (at 0 items/min)
2021-04-01 16:50:23 [scrapy.extensions.telnet] INFO: Telnet console listening on 127.0.0.1:6023
2021-04-01 16:51:25 [scrapy.extensions.logstats] INFO: Crawled 1 pages (at 1 pages/min), scraped 0 items (at 0 items/min)
2021-04-01 16:51:37 [scrapy.core.engine] INFO: Closing spider (finished)
2021-04-01 16:51:37 [scrapy.statscollectors] INFO: Dumping Scrapy stats:
{'downloader/request_bytes': 7692,
 'downloader/request_count': 13,
 'downloader/request_method_count/GET': 13,
 'downloader/response_bytes': 145935,
 'downloader/response_count': 13,
 'downloader/response_status_count/200': 13,
 'elapsed_time_seconds': 73.676332,
 'finish_reason': 'finished',
 'finish_time': datetime.datetime(2021, 4, 1, 8, 51, 37, 125463),
 'item_scraped_count': 12,
 'log_count/INFO': 11,
 'request_depth_max': 1,
 'response_received_count': 13,
 'scheduler/dequeued': 13,
 'scheduler/dequeued/memory': 13,
 'scheduler/enqueued': 13,
 'scheduler/enqueued/memory': 13,
 'start_time': datetime.datetime(2021, 4, 1, 8, 50, 23, 449131)}
2021-04-01 16:51:37 [scrapy.core.engine] INFO: Spider closed (finished)
2021-04-01 16:54:20 [scrapy.utils.log] INFO: Scrapy 2.4.1 started (bot: products)
2021-04-01 16:54:20 [scrapy.utils.log] INFO: Versions: lxml 4.6.2.0, libxml2 2.9.5, cssselect 1.1.0, parsel 1.6.0, w3lib 1.22.0, Twisted 20.3.0, Python 3.7.2 (tags/v3.7.2:9a3ffc0492, Dec 23 2018, 23:09:28) [MSC v.1916 64 bit (AMD64)], pyOpenSSL 18.0.0 (OpenSSL 1.1.0i  14 Aug 2018), cryptography 2.3.1, Platform Windows-10-10.0.19041-SP0
2021-04-01 16:54:20 [scrapy.crawler] INFO: Overridden settings:
{'AUTOTHROTTLE_ENABLED': True,
 'AUTOTHROTTLE_MAX_DELAY': 1,
 'AUTOTHROTTLE_START_DELAY': 0.1,
 'AUTOTHROTTLE_TARGET_CONCURRENCY': 60.0,
 'BOT_NAME': 'products',
 'CONCURRENT_REQUESTS': 60,
 'CONCURRENT_REQUESTS_PER_DOMAIN': 60,
 'CONCURRENT_REQUESTS_PER_IP': 60,
 'LOG_FILE': 'all.log',
 'LOG_LEVEL': 'INFO',
 'NEWSPIDER_MODULE': 'products.spiders',
 'RETRY_TIMES': 100,
 'SPIDER_MODULES': ['products.spiders']}
2021-04-01 16:54:20 [scrapy.extensions.telnet] INFO: Telnet Password: 5f2071a65beb48cc
2021-04-01 16:54:20 [scrapy.middleware] INFO: Enabled extensions:
['scrapy.extensions.corestats.CoreStats',
 'scrapy.extensions.telnet.TelnetConsole',
 'scrapy.extensions.logstats.LogStats',
 'scrapy.extensions.throttle.AutoThrottle']
2021-04-01 16:54:21 [scrapy.middleware] INFO: Enabled downloader middlewares:
['scrapy.downloadermiddlewares.httpauth.HttpAuthMiddleware',
 'scrapy.downloadermiddlewares.downloadtimeout.DownloadTimeoutMiddleware',
 'scrapy.downloadermiddlewares.defaultheaders.DefaultHeadersMiddleware',
 'scrapy.downloadermiddlewares.useragent.UserAgentMiddleware',
 'scrapy.downloadermiddlewares.retry.RetryMiddleware',
 'scrapy.downloadermiddlewares.redirect.MetaRefreshMiddleware',
 'scrapy.downloadermiddlewares.httpcompression.HttpCompressionMiddleware',
 'scrapy.downloadermiddlewares.redirect.RedirectMiddleware',
 'scrapy.downloadermiddlewares.cookies.CookiesMiddleware',
 'scrapy.downloadermiddlewares.httpproxy.HttpProxyMiddleware',
 'scrapy.downloadermiddlewares.stats.DownloaderStats']
2021-04-01 16:54:21 [scrapy.middleware] INFO: Enabled spider middlewares:
['scrapy.spidermiddlewares.httperror.HttpErrorMiddleware',
 'scrapy.spidermiddlewares.offsite.OffsiteMiddleware',
 'scrapy.spidermiddlewares.referer.RefererMiddleware',
 'scrapy.spidermiddlewares.urllength.UrlLengthMiddleware',
 'scrapy.spidermiddlewares.depth.DepthMiddleware']
2021-04-01 16:54:21 [scrapy.middleware] INFO: Enabled item pipelines:
['products.pipelines.MySQLPipeline']
2021-04-01 16:54:21 [scrapy.core.engine] INFO: Spider opened
2021-04-01 16:54:21 [scrapy.extensions.logstats] INFO: Crawled 0 pages (at 0 pages/min), scraped 0 items (at 0 items/min)
2021-04-01 16:54:21 [scrapy.extensions.telnet] INFO: Telnet console listening on 127.0.0.1:6023
2021-04-01 16:55:24 [scrapy.extensions.logstats] INFO: Crawled 0 pages (at 0 pages/min), scraped 0 items (at 0 items/min)
2021-04-01 16:56:23 [scrapy.extensions.logstats] INFO: Crawled 0 pages (at 0 pages/min), scraped 0 items (at 0 items/min)
2021-04-01 16:57:22 [scrapy.extensions.logstats] INFO: Crawled 0 pages (at 0 pages/min), scraped 0 items (at 0 items/min)
2021-04-01 16:58:21 [scrapy.extensions.logstats] INFO: Crawled 0 pages (at 0 pages/min), scraped 0 items (at 0 items/min)
2021-04-01 16:59:59 [scrapy.extensions.logstats] INFO: Crawled 21 pages (at 21 pages/min), scraped 0 items (at 0 items/min)
2021-04-01 17:00:27 [scrapy.crawler] INFO: Received SIGINT, shutting down gracefully. Send again to force 
2021-04-01 17:00:31 [scrapy.crawler] INFO: Received SIGINT twice, forcing unclean shutdown
2021-04-01 17:00:49 [scrapy.core.engine] INFO: Closing spider (shutdown)
2021-04-01 17:00:49 [scrapy.extensions.logstats] INFO: Crawled 22 pages (at 1 pages/min), scraped 0 items (at 0 items/min)
2021-04-01 17:02:11 [scrapy.utils.log] INFO: Scrapy 2.4.1 started (bot: products)
2021-04-01 17:02:11 [scrapy.utils.log] INFO: Versions: lxml 4.6.2.0, libxml2 2.9.5, cssselect 1.1.0, parsel 1.6.0, w3lib 1.22.0, Twisted 20.3.0, Python 3.7.2 (tags/v3.7.2:9a3ffc0492, Dec 23 2018, 23:09:28) [MSC v.1916 64 bit (AMD64)], pyOpenSSL 18.0.0 (OpenSSL 1.1.0i  14 Aug 2018), cryptography 2.3.1, Platform Windows-10-10.0.19041-SP0
2021-04-01 17:02:11 [scrapy.crawler] INFO: Overridden settings:
{'AUTOTHROTTLE_ENABLED': True,
 'AUTOTHROTTLE_MAX_DELAY': 10,
 'AUTOTHROTTLE_START_DELAY': 0.8,
 'AUTOTHROTTLE_TARGET_CONCURRENCY': 60.0,
 'BOT_NAME': 'products',
 'CONCURRENT_REQUESTS': 60,
 'CONCURRENT_REQUESTS_PER_DOMAIN': 60,
 'CONCURRENT_REQUESTS_PER_IP': 60,
 'LOG_FILE': 'all.log',
 'LOG_LEVEL': 'INFO',
 'NEWSPIDER_MODULE': 'products.spiders',
 'RETRY_TIMES': 100,
 'SPIDER_MODULES': ['products.spiders']}
2021-04-01 17:02:11 [scrapy.extensions.telnet] INFO: Telnet Password: ae41f7b92ad80833
2021-04-01 17:02:11 [scrapy.middleware] INFO: Enabled extensions:
['scrapy.extensions.corestats.CoreStats',
 'scrapy.extensions.telnet.TelnetConsole',
 'scrapy.extensions.logstats.LogStats',
 'scrapy.extensions.throttle.AutoThrottle']
2021-04-01 17:02:11 [scrapy.middleware] INFO: Enabled downloader middlewares:
['scrapy.downloadermiddlewares.httpauth.HttpAuthMiddleware',
 'scrapy.downloadermiddlewares.downloadtimeout.DownloadTimeoutMiddleware',
 'scrapy.downloadermiddlewares.defaultheaders.DefaultHeadersMiddleware',
 'scrapy.downloadermiddlewares.useragent.UserAgentMiddleware',
 'scrapy.downloadermiddlewares.retry.RetryMiddleware',
 'scrapy.downloadermiddlewares.redirect.MetaRefreshMiddleware',
 'scrapy.downloadermiddlewares.httpcompression.HttpCompressionMiddleware',
 'scrapy.downloadermiddlewares.redirect.RedirectMiddleware',
 'scrapy.downloadermiddlewares.cookies.CookiesMiddleware',
 'scrapy.downloadermiddlewares.httpproxy.HttpProxyMiddleware',
 'scrapy.downloadermiddlewares.stats.DownloaderStats']
2021-04-01 17:02:11 [scrapy.middleware] INFO: Enabled spider middlewares:
['scrapy.spidermiddlewares.httperror.HttpErrorMiddleware',
 'scrapy.spidermiddlewares.offsite.OffsiteMiddleware',
 'scrapy.spidermiddlewares.referer.RefererMiddleware',
 'scrapy.spidermiddlewares.urllength.UrlLengthMiddleware',
 'scrapy.spidermiddlewares.depth.DepthMiddleware']
2021-04-01 17:02:11 [scrapy.middleware] INFO: Enabled item pipelines:
['products.pipelines.MySQLPipeline']
2021-04-01 17:02:11 [scrapy.core.engine] INFO: Spider opened
2021-04-01 17:02:11 [scrapy.extensions.logstats] INFO: Crawled 0 pages (at 0 pages/min), scraped 0 items (at 0 items/min)
2021-04-01 17:02:11 [scrapy.extensions.telnet] INFO: Telnet console listening on 127.0.0.1:6023
2021-04-01 17:03:15 [scrapy.extensions.logstats] INFO: Crawled 0 pages (at 0 pages/min), scraped 0 items (at 0 items/min)
2021-04-01 17:04:14 [scrapy.extensions.logstats] INFO: Crawled 0 pages (at 0 pages/min), scraped 0 items (at 0 items/min)
2021-04-01 17:05:13 [scrapy.extensions.logstats] INFO: Crawled 0 pages (at 0 pages/min), scraped 0 items (at 0 items/min)
2021-04-01 17:06:12 [scrapy.extensions.logstats] INFO: Crawled 0 pages (at 0 pages/min), scraped 0 items (at 0 items/min)
2021-04-01 17:06:56 [scrapy.crawler] INFO: Received SIGINT, shutting down gracefully. Send again to force 
2021-04-01 17:07:08 [scrapy.utils.log] INFO: Scrapy 2.4.1 started (bot: products)
2021-04-01 17:07:08 [scrapy.utils.log] INFO: Versions: lxml 4.6.2.0, libxml2 2.9.5, cssselect 1.1.0, parsel 1.6.0, w3lib 1.22.0, Twisted 20.3.0, Python 3.7.2 (tags/v3.7.2:9a3ffc0492, Dec 23 2018, 23:09:28) [MSC v.1916 64 bit (AMD64)], pyOpenSSL 18.0.0 (OpenSSL 1.1.0i  14 Aug 2018), cryptography 2.3.1, Platform Windows-10-10.0.19041-SP0
2021-04-01 17:07:08 [scrapy.crawler] INFO: Overridden settings:
{'BOT_NAME': 'products',
 'CONCURRENT_REQUESTS': 60,
 'CONCURRENT_REQUESTS_PER_DOMAIN': 60,
 'CONCURRENT_REQUESTS_PER_IP': 60,
 'LOG_FILE': 'all.log',
 'LOG_LEVEL': 'INFO',
 'NEWSPIDER_MODULE': 'products.spiders',
 'RETRY_TIMES': 100,
 'SPIDER_MODULES': ['products.spiders']}
2021-04-01 17:07:08 [scrapy.extensions.telnet] INFO: Telnet Password: b555e191397703ba
2021-04-01 17:07:08 [scrapy.middleware] INFO: Enabled extensions:
['scrapy.extensions.corestats.CoreStats',
 'scrapy.extensions.telnet.TelnetConsole',
 'scrapy.extensions.logstats.LogStats']
2021-04-01 17:07:08 [scrapy.middleware] INFO: Enabled downloader middlewares:
['scrapy.downloadermiddlewares.httpauth.HttpAuthMiddleware',
 'scrapy.downloadermiddlewares.downloadtimeout.DownloadTimeoutMiddleware',
 'scrapy.downloadermiddlewares.defaultheaders.DefaultHeadersMiddleware',
 'scrapy.downloadermiddlewares.useragent.UserAgentMiddleware',
 'scrapy.downloadermiddlewares.retry.RetryMiddleware',
 'scrapy.downloadermiddlewares.redirect.MetaRefreshMiddleware',
 'scrapy.downloadermiddlewares.httpcompression.HttpCompressionMiddleware',
 'scrapy.downloadermiddlewares.redirect.RedirectMiddleware',
 'scrapy.downloadermiddlewares.cookies.CookiesMiddleware',
 'scrapy.downloadermiddlewares.httpproxy.HttpProxyMiddleware',
 'scrapy.downloadermiddlewares.stats.DownloaderStats']
2021-04-01 17:07:08 [scrapy.middleware] INFO: Enabled spider middlewares:
['scrapy.spidermiddlewares.httperror.HttpErrorMiddleware',
 'scrapy.spidermiddlewares.offsite.OffsiteMiddleware',
 'scrapy.spidermiddlewares.referer.RefererMiddleware',
 'scrapy.spidermiddlewares.urllength.UrlLengthMiddleware',
 'scrapy.spidermiddlewares.depth.DepthMiddleware']
2021-04-01 17:07:08 [scrapy.middleware] INFO: Enabled item pipelines:
['products.pipelines.MySQLPipeline']
2021-04-01 17:07:08 [scrapy.core.engine] INFO: Spider opened
2021-04-01 17:07:08 [scrapy.extensions.logstats] INFO: Crawled 0 pages (at 0 pages/min), scraped 0 items (at 0 items/min)
2021-04-01 17:07:08 [scrapy.extensions.telnet] INFO: Telnet console listening on 127.0.0.1:6023
2021-04-01 17:07:31 [scrapy.crawler] INFO: Received SIGINT, shutting down gracefully. Send again to force 
2021-04-01 17:07:31 [scrapy.core.engine] INFO: Closing spider (shutdown)
2021-04-01 17:07:34 [scrapy.statscollectors] INFO: Dumping Scrapy stats:
{'downloader/request_bytes': 2520,
 'downloader/request_count': 5,
 'downloader/request_method_count/GET': 5,
 'downloader/response_bytes': 51494,
 'downloader/response_count': 5,
 'downloader/response_status_count/200': 5,
 'elapsed_time_seconds': 25.264765,
 'finish_reason': 'shutdown',
 'finish_time': datetime.datetime(2021, 4, 1, 9, 7, 34, 202668),
 'log_count/INFO': 11,
 'request_depth_max': 1,
 'response_received_count': 5,
 'scheduler/dequeued': 5,
 'scheduler/dequeued/memory': 5,
 'scheduler/enqueued': 66,
 'scheduler/enqueued/memory': 66,
 'start_time': datetime.datetime(2021, 4, 1, 9, 7, 8, 937903)}
2021-04-01 17:07:34 [scrapy.core.engine] INFO: Spider closed (shutdown)
2021-04-01 17:07:51 [scrapy.utils.log] INFO: Scrapy 2.4.1 started (bot: products)
2021-04-01 17:07:51 [scrapy.utils.log] INFO: Versions: lxml 4.6.2.0, libxml2 2.9.5, cssselect 1.1.0, parsel 1.6.0, w3lib 1.22.0, Twisted 20.3.0, Python 3.7.2 (tags/v3.7.2:9a3ffc0492, Dec 23 2018, 23:09:28) [MSC v.1916 64 bit (AMD64)], pyOpenSSL 18.0.0 (OpenSSL 1.1.0i  14 Aug 2018), cryptography 2.3.1, Platform Windows-10-10.0.19041-SP0
2021-04-01 17:07:51 [scrapy.crawler] INFO: Overridden settings:
{'BOT_NAME': 'products',
 'CONCURRENT_REQUESTS': 60,
 'CONCURRENT_REQUESTS_PER_DOMAIN': 60,
 'CONCURRENT_REQUESTS_PER_IP': 60,
 'LOG_FILE': 'all.log',
 'LOG_LEVEL': 'INFO',
 'NEWSPIDER_MODULE': 'products.spiders',
 'RETRY_TIMES': 100,
 'SPIDER_MODULES': ['products.spiders']}
2021-04-01 17:07:51 [scrapy.extensions.telnet] INFO: Telnet Password: f3bafa48bfaebf58
2021-04-01 17:07:51 [scrapy.middleware] INFO: Enabled extensions:
['scrapy.extensions.corestats.CoreStats',
 'scrapy.extensions.telnet.TelnetConsole',
 'scrapy.extensions.logstats.LogStats']
2021-04-01 17:07:51 [scrapy.middleware] INFO: Enabled downloader middlewares:
['scrapy.downloadermiddlewares.httpauth.HttpAuthMiddleware',
 'scrapy.downloadermiddlewares.downloadtimeout.DownloadTimeoutMiddleware',
 'scrapy.downloadermiddlewares.defaultheaders.DefaultHeadersMiddleware',
 'scrapy.downloadermiddlewares.useragent.UserAgentMiddleware',
 'scrapy.downloadermiddlewares.retry.RetryMiddleware',
 'scrapy.downloadermiddlewares.redirect.MetaRefreshMiddleware',
 'scrapy.downloadermiddlewares.httpcompression.HttpCompressionMiddleware',
 'scrapy.downloadermiddlewares.redirect.RedirectMiddleware',
 'scrapy.downloadermiddlewares.cookies.CookiesMiddleware',
 'scrapy.downloadermiddlewares.httpproxy.HttpProxyMiddleware',
 'scrapy.downloadermiddlewares.stats.DownloaderStats']
2021-04-01 17:07:51 [scrapy.middleware] INFO: Enabled spider middlewares:
['scrapy.spidermiddlewares.httperror.HttpErrorMiddleware',
 'scrapy.spidermiddlewares.offsite.OffsiteMiddleware',
 'scrapy.spidermiddlewares.referer.RefererMiddleware',
 'scrapy.spidermiddlewares.urllength.UrlLengthMiddleware',
 'scrapy.spidermiddlewares.depth.DepthMiddleware']
2021-04-01 17:07:51 [scrapy.middleware] INFO: Enabled item pipelines:
['products.pipelines.MySQLPipeline']
2021-04-01 17:07:51 [scrapy.core.engine] INFO: Spider opened
2021-04-01 17:07:51 [scrapy.extensions.logstats] INFO: Crawled 0 pages (at 0 pages/min), scraped 0 items (at 0 items/min)
2021-04-01 17:07:51 [scrapy.extensions.telnet] INFO: Telnet console listening on 127.0.0.1:6023
2021-04-01 17:08:27 [scrapy.crawler] INFO: Received SIGINT, shutting down gracefully. Send again to force 
2021-04-01 17:08:27 [scrapy.core.engine] INFO: Closing spider (shutdown)
2021-04-01 17:08:32 [scrapy.statscollectors] INFO: Dumping Scrapy stats:
{'downloader/exception_count': 2,
 'downloader/exception_type_count/twisted.web._newclient.ResponseNeverReceived': 2,
 'downloader/request_bytes': 4536,
 'downloader/request_count': 9,
 'downloader/request_method_count/GET': 9,
 'downloader/response_bytes': 72265,
 'downloader/response_count': 7,
 'downloader/response_status_count/200': 7,
 'elapsed_time_seconds': 40.695961,
 'finish_reason': 'shutdown',
 'finish_time': datetime.datetime(2021, 4, 1, 9, 8, 32, 271474),
 'log_count/INFO': 11,
 'request_depth_max': 1,
 'response_received_count': 7,
 'retry/count': 2,
 'retry/reason_count/twisted.web._newclient.ResponseNeverReceived': 2,
 'scheduler/dequeued': 9,
 'scheduler/dequeued/memory': 9,
 'scheduler/enqueued': 95,
 'scheduler/enqueued/memory': 95,
 'start_time': datetime.datetime(2021, 4, 1, 9, 7, 51, 575513)}
2021-04-01 17:08:32 [scrapy.core.engine] INFO: Spider closed (shutdown)
2021-04-01 17:09:03 [scrapy.utils.log] INFO: Scrapy 2.4.1 started (bot: products)
2021-04-01 17:09:03 [scrapy.utils.log] INFO: Versions: lxml 4.6.2.0, libxml2 2.9.5, cssselect 1.1.0, parsel 1.6.0, w3lib 1.22.0, Twisted 20.3.0, Python 3.7.2 (tags/v3.7.2:9a3ffc0492, Dec 23 2018, 23:09:28) [MSC v.1916 64 bit (AMD64)], pyOpenSSL 18.0.0 (OpenSSL 1.1.0i  14 Aug 2018), cryptography 2.3.1, Platform Windows-10-10.0.19041-SP0
2021-04-01 17:09:03 [scrapy.crawler] INFO: Overridden settings:
{'BOT_NAME': 'products',
 'CONCURRENT_REQUESTS': 60,
 'CONCURRENT_REQUESTS_PER_DOMAIN': 60,
 'CONCURRENT_REQUESTS_PER_IP': 60,
 'LOG_FILE': 'all.log',
 'LOG_LEVEL': 'INFO',
 'NEWSPIDER_MODULE': 'products.spiders',
 'RETRY_TIMES': 100,
 'SPIDER_MODULES': ['products.spiders']}
2021-04-01 17:09:03 [scrapy.extensions.telnet] INFO: Telnet Password: 70012710ed805665
2021-04-01 17:09:03 [scrapy.middleware] INFO: Enabled extensions:
['scrapy.extensions.corestats.CoreStats',
 'scrapy.extensions.telnet.TelnetConsole',
 'scrapy.extensions.logstats.LogStats']
2021-04-01 17:09:04 [scrapy.middleware] INFO: Enabled downloader middlewares:
['scrapy.downloadermiddlewares.httpauth.HttpAuthMiddleware',
 'scrapy.downloadermiddlewares.downloadtimeout.DownloadTimeoutMiddleware',
 'scrapy.downloadermiddlewares.defaultheaders.DefaultHeadersMiddleware',
 'scrapy.downloadermiddlewares.useragent.UserAgentMiddleware',
 'scrapy.downloadermiddlewares.retry.RetryMiddleware',
 'scrapy.downloadermiddlewares.redirect.MetaRefreshMiddleware',
 'scrapy.downloadermiddlewares.httpcompression.HttpCompressionMiddleware',
 'scrapy.downloadermiddlewares.redirect.RedirectMiddleware',
 'scrapy.downloadermiddlewares.cookies.CookiesMiddleware',
 'scrapy.downloadermiddlewares.httpproxy.HttpProxyMiddleware',
 'scrapy.downloadermiddlewares.stats.DownloaderStats']
2021-04-01 17:09:04 [scrapy.middleware] INFO: Enabled spider middlewares:
['scrapy.spidermiddlewares.httperror.HttpErrorMiddleware',
 'scrapy.spidermiddlewares.offsite.OffsiteMiddleware',
 'scrapy.spidermiddlewares.referer.RefererMiddleware',
 'scrapy.spidermiddlewares.urllength.UrlLengthMiddleware',
 'scrapy.spidermiddlewares.depth.DepthMiddleware']
2021-04-01 17:09:04 [scrapy.middleware] INFO: Enabled item pipelines:
['products.pipelines.MySQLPipeline']
2021-04-01 17:09:04 [scrapy.core.engine] INFO: Spider opened
2021-04-01 17:09:04 [scrapy.extensions.logstats] INFO: Crawled 0 pages (at 0 pages/min), scraped 0 items (at 0 items/min)
2021-04-01 17:09:04 [scrapy.extensions.telnet] INFO: Telnet console listening on 127.0.0.1:6023
2021-04-01 17:10:08 [scrapy.extensions.logstats] INFO: Crawled 0 pages (at 0 pages/min), scraped 0 items (at 0 items/min)
2021-04-01 17:11:07 [scrapy.extensions.logstats] INFO: Crawled 0 pages (at 0 pages/min), scraped 0 items (at 0 items/min)
2021-04-01 17:12:07 [scrapy.extensions.logstats] INFO: Crawled 0 pages (at 0 pages/min), scraped 0 items (at 0 items/min)
2021-04-01 17:12:30 [scrapy.crawler] INFO: Received SIGINT, shutting down gracefully. Send again to force 
2021-04-01 17:12:30 [scrapy.core.engine] INFO: Closing spider (shutdown)
